Determining if the include file malloc/malloc.h exists failed with the following output:
Change Dir: /home/amine/build/bolt-fresh/CMakeFiles/CMakeTmp

Run Build Command(s):/usr/bin/ninja cmTC_c3487 && [1/2] Building C object CMakeFiles/cmTC_c3487.dir/CheckIncludeFile.c.o
FAILED: CMakeFiles/cmTC_c3487.dir/CheckIncludeFile.c.o 
/usr/bin/cc   -O3 -DNDEBUG -o CMakeFiles/cmTC_c3487.dir/CheckIncludeFile.c.o -c /home/amine/build/bolt-fresh/CMakeFiles/CMakeTmp/CheckIncludeFile.c
/home/amine/build/bolt-fresh/CMakeFiles/CMakeTmp/CheckIncludeFile.c:1:10: fatal error: malloc/malloc.h: No such file or directory
    1 | #include <malloc/malloc.h>
      |          ^~~~~~~~~~~~~~~~~
compilation terminated.
ninja: build stopped: subcommand failed.



Determining if the include file valgrind/valgrind.h exists failed with the following output:
Change Dir: /home/amine/build/bolt-fresh/CMakeFiles/CMakeTmp

Run Build Command(s):/usr/bin/ninja cmTC_0826a && [1/2] Building C object CMakeFiles/cmTC_0826a.dir/CheckIncludeFile.c.o
FAILED: CMakeFiles/cmTC_0826a.dir/CheckIncludeFile.c.o 
/usr/bin/cc   -O3 -DNDEBUG -o CMakeFiles/cmTC_0826a.dir/CheckIncludeFile.c.o -c /home/amine/build/bolt-fresh/CMakeFiles/CMakeTmp/CheckIncludeFile.c
/home/amine/build/bolt-fresh/CMakeFiles/CMakeTmp/CheckIncludeFile.c:1:10: fatal error: valgrind/valgrind.h: No such file or directory
    1 | #include <valgrind/valgrind.h>
      |          ^~~~~~~~~~~~~~~~~~~~~
compilation terminated.
ninja: build stopped: subcommand failed.



Determining if the include file mach/mach.h exists failed with the following output:
Change Dir: /home/amine/build/bolt-fresh/CMakeFiles/CMakeTmp

Run Build Command(s):/usr/bin/ninja cmTC_e00dd && [1/2] Building C object CMakeFiles/cmTC_e00dd.dir/CheckIncludeFile.c.o
FAILED: CMakeFiles/cmTC_e00dd.dir/CheckIncludeFile.c.o 
/usr/bin/cc   -O3 -DNDEBUG -o CMakeFiles/cmTC_e00dd.dir/CheckIncludeFile.c.o -c /home/amine/build/bolt-fresh/CMakeFiles/CMakeTmp/CheckIncludeFile.c
/home/amine/build/bolt-fresh/CMakeFiles/CMakeTmp/CheckIncludeFile.c:1:10: fatal error: mach/mach.h: No such file or directory
    1 | #include <mach/mach.h>
      |          ^~~~~~~~~~~~~
compilation terminated.
ninja: build stopped: subcommand failed.



Determining if the include file CrashReporterClient.h exists failed with the following output:
Change Dir: /home/amine/build/bolt-fresh/CMakeFiles/CMakeTmp

Run Build Command(s):/usr/bin/ninja cmTC_d88bf && [1/2] Building C object CMakeFiles/cmTC_d88bf.dir/CheckIncludeFile.c.o
FAILED: CMakeFiles/cmTC_d88bf.dir/CheckIncludeFile.c.o 
/usr/bin/cc   -O3 -DNDEBUG -o CMakeFiles/cmTC_d88bf.dir/CheckIncludeFile.c.o -c /home/amine/build/bolt-fresh/CMakeFiles/CMakeTmp/CheckIncludeFile.c
/home/amine/build/bolt-fresh/CMakeFiles/CMakeTmp/CheckIncludeFile.c:1:10: fatal error: CrashReporterClient.h: No such file or directory
    1 | #include <CrashReporterClient.h>
      |          ^~~~~~~~~~~~~~~~~~~~~~~
compilation terminated.
ninja: build stopped: subcommand failed.



Determining if the arc4random exist failed with the following output:
Change Dir: /home/amine/build/bolt-fresh/CMakeFiles/CMakeTmp

Run Build Command(s):/usr/bin/ninja cmTC_d89e4 && [1/2] Building C object CMakeFiles/cmTC_d89e4.dir/CheckSymbolExists.c.o
FAILED: CMakeFiles/cmTC_d89e4.dir/CheckSymbolExists.c.o 
/usr/bin/cc   -O3 -DNDEBUG -o CMakeFiles/cmTC_d89e4.dir/CheckSymbolExists.c.o -c /home/amine/build/bolt-fresh/CMakeFiles/CMakeTmp/CheckSymbolExists.c
/home/amine/build/bolt-fresh/CMakeFiles/CMakeTmp/CheckSymbolExists.c: In function ‘main’:
/home/amine/build/bolt-fresh/CMakeFiles/CMakeTmp/CheckSymbolExists.c:8:19: error: ‘arc4random’ undeclared (first use in this function); did you mean ‘srandom’?
    8 |   return ((int*)(&arc4random))[argc];
      |                   ^~~~~~~~~~
      |                   srandom
/home/amine/build/bolt-fresh/CMakeFiles/CMakeTmp/CheckSymbolExists.c:8:19: note: each undeclared identifier is reported only once for each function it appears in
ninja: build stopped: subcommand failed.


File /home/amine/build/bolt-fresh/CMakeFiles/CMakeTmp/CheckSymbolExists.c:
/* */
#include <stdlib.h>

int main(int argc, char** argv)
{
  (void)argv;
#ifndef arc4random
  return ((int*)(&arc4random))[argc];
#else
  (void)argc;
  return 0;
#endif
}
Performing C SOURCE FILE Test C_SUPPORTS_WERROR_UNGUARDED_AVAILABILITY_NEW failed with the following output:
Change Dir: /home/amine/build/bolt-fresh/CMakeFiles/CMakeTmp

Run Build Command(s):/usr/bin/ninja cmTC_bad86 && [1/2] Building C object CMakeFiles/cmTC_bad86.dir/src.c.o
FAILED: CMakeFiles/cmTC_bad86.dir/src.c.o 
/usr/bin/cc -DC_SUPPORTS_WERROR_UNGUARDED_AVAILABILITY_NEW  -O3 -DNDEBUG   -Werror=unguarded-availability-new -o CMakeFiles/cmTC_bad86.dir/src.c.o -c /home/amine/build/bolt-fresh/CMakeFiles/CMakeTmp/src.c
cc1: error: '-Werror=unguarded-availability-new': no option '-Wunguarded-availability-new'
ninja: build stopped: subcommand failed.


Source file was:
int main(void) { return 0; }
Determining if the __unw_add_dynamic_fde exist failed with the following output:
Change Dir: /home/amine/build/bolt-fresh/CMakeFiles/CMakeTmp

Run Build Command(s):/usr/bin/ninja cmTC_d70b0 && [1/2] Building C object CMakeFiles/cmTC_d70b0.dir/CheckSymbolExists.c.o
[2/2] Linking C executable cmTC_d70b0
FAILED: cmTC_d70b0 
: && /usr/bin/cc -O3 -DNDEBUG  CMakeFiles/cmTC_d70b0.dir/CheckSymbolExists.c.o -o cmTC_d70b0  -lm && :
/usr/bin/ld: CMakeFiles/cmTC_d70b0.dir/CheckSymbolExists.c.o: in function `main':
CheckSymbolExists.c:(.text.startup+0x7): undefined reference to `__unw_add_dynamic_fde'
collect2: error: ld returned 1 exit status
ninja: build stopped: subcommand failed.


File /home/amine/build/bolt-fresh/CMakeFiles/CMakeTmp/CheckSymbolExists.c:
/* */
#include </home/amine/projet/llvm-bolt19/llvm-project/llvm/cmake/unwind.h>

int main(int argc, char** argv)
{
  (void)argv;
#ifndef __unw_add_dynamic_fde
  return ((int*)(&__unw_add_dynamic_fde))[argc];
#else
  (void)argc;
  return 0;
#endif
}
Determining if the mallctl exist failed with the following output:
Change Dir: /home/amine/build/bolt-fresh/CMakeFiles/CMakeTmp

Run Build Command(s):/usr/bin/ninja cmTC_8f111 && [1/2] Building C object CMakeFiles/cmTC_8f111.dir/CheckSymbolExists.c.o
FAILED: CMakeFiles/cmTC_8f111.dir/CheckSymbolExists.c.o 
/usr/bin/cc   -O3 -DNDEBUG -o CMakeFiles/cmTC_8f111.dir/CheckSymbolExists.c.o -c /home/amine/build/bolt-fresh/CMakeFiles/CMakeTmp/CheckSymbolExists.c
/home/amine/build/bolt-fresh/CMakeFiles/CMakeTmp/CheckSymbolExists.c:2:10: fatal error: malloc_np.h: No such file or directory
    2 | #include <malloc_np.h>
      |          ^~~~~~~~~~~~~
compilation terminated.
ninja: build stopped: subcommand failed.


File /home/amine/build/bolt-fresh/CMakeFiles/CMakeTmp/CheckSymbolExists.c:
/* */
#include <malloc_np.h>

int main(int argc, char** argv)
{
  (void)argv;
#ifndef mallctl
  return ((int*)(&mallctl))[argc];
#else
  (void)argc;
  return 0;
#endif
}
Determining if the malloc_zone_statistics exist failed with the following output:
Change Dir: /home/amine/build/bolt-fresh/CMakeFiles/CMakeTmp

Run Build Command(s):/usr/bin/ninja cmTC_30dbc && [1/2] Building C object CMakeFiles/cmTC_30dbc.dir/CheckSymbolExists.c.o
FAILED: CMakeFiles/cmTC_30dbc.dir/CheckSymbolExists.c.o 
/usr/bin/cc   -O3 -DNDEBUG -o CMakeFiles/cmTC_30dbc.dir/CheckSymbolExists.c.o -c /home/amine/build/bolt-fresh/CMakeFiles/CMakeTmp/CheckSymbolExists.c
/home/amine/build/bolt-fresh/CMakeFiles/CMakeTmp/CheckSymbolExists.c:2:10: fatal error: malloc/malloc.h: No such file or directory
    2 | #include <malloc/malloc.h>
      |          ^~~~~~~~~~~~~~~~~
compilation terminated.
ninja: build stopped: subcommand failed.


File /home/amine/build/bolt-fresh/CMakeFiles/CMakeTmp/CheckSymbolExists.c:
/* */
#include <malloc/malloc.h>

int main(int argc, char** argv)
{
  (void)argv;
#ifndef malloc_zone_statistics
  return ((int*)(&malloc_zone_statistics))[argc];
#else
  (void)argc;
  return 0;
#endif
}
Determining if the strerror_s exist failed with the following output:
Change Dir: /home/amine/build/bolt-fresh/CMakeFiles/CMakeTmp

Run Build Command(s):/usr/bin/ninja cmTC_b1bca && [1/2] Building C object CMakeFiles/cmTC_b1bca.dir/CheckSymbolExists.c.o
FAILED: CMakeFiles/cmTC_b1bca.dir/CheckSymbolExists.c.o 
/usr/bin/cc   -O3 -DNDEBUG -o CMakeFiles/cmTC_b1bca.dir/CheckSymbolExists.c.o -c /home/amine/build/bolt-fresh/CMakeFiles/CMakeTmp/CheckSymbolExists.c
/home/amine/build/bolt-fresh/CMakeFiles/CMakeTmp/CheckSymbolExists.c: In function ‘main’:
/home/amine/build/bolt-fresh/CMakeFiles/CMakeTmp/CheckSymbolExists.c:8:19: error: ‘strerror_s’ undeclared (first use in this function); did you mean ‘strerror_l’?
    8 |   return ((int*)(&strerror_s))[argc];
      |                   ^~~~~~~~~~
      |                   strerror_l
/home/amine/build/bolt-fresh/CMakeFiles/CMakeTmp/CheckSymbolExists.c:8:19: note: each undeclared identifier is reported only once for each function it appears in
ninja: build stopped: subcommand failed.


File /home/amine/build/bolt-fresh/CMakeFiles/CMakeTmp/CheckSymbolExists.c:
/* */
#include <string.h>

int main(int argc, char** argv)
{
  (void)argv;
#ifndef strerror_s
  return ((int*)(&strerror_s))[argc];
#else
  (void)argc;
  return 0;
#endif
}
Performing C SOURCE FILE Test HAVE_STRUCT_STAT_ST_MTIMESPEC_TV_NSEC failed with the following output:
Change Dir: /home/amine/build/bolt-fresh/CMakeFiles/CMakeTmp

Run Build Command(s):/usr/bin/ninja cmTC_0a861 && [1/2] Building C object CMakeFiles/cmTC_0a861.dir/src.c.o
FAILED: CMakeFiles/cmTC_0a861.dir/src.c.o 
/usr/bin/cc -DHAVE_STRUCT_STAT_ST_MTIMESPEC_TV_NSEC  -O3 -DNDEBUG -o CMakeFiles/cmTC_0a861.dir/src.c.o -c /home/amine/build/bolt-fresh/CMakeFiles/CMakeTmp/src.c
/home/amine/build/bolt-fresh/CMakeFiles/CMakeTmp/src.c: In function ‘main’:
/home/amine/build/bolt-fresh/CMakeFiles/CMakeTmp/src.c:7:34: error: ‘struct stat’ has no member named ‘st_mtimespec’
    7 |   (void)sizeof(((struct stat *)0)->st_mtimespec.tv_nsec);
      |                                  ^~
ninja: build stopped: subcommand failed.


Source file was:

#include <sys/types.h>
#include <sys/stat.h>

int main()
{
  (void)sizeof(((struct stat *)0)->st_mtimespec.tv_nsec);
  return 0;
}

Determining if the proc_pid_rusage exist failed with the following output:
Change Dir: /home/amine/build/bolt-fresh/CMakeFiles/CMakeTmp

Run Build Command(s):/usr/bin/ninja cmTC_8a4ad && [1/2] Building C object CMakeFiles/cmTC_8a4ad.dir/CheckSymbolExists.c.o
FAILED: CMakeFiles/cmTC_8a4ad.dir/CheckSymbolExists.c.o 
/usr/bin/cc -D_GNU_SOURCE  -O3 -DNDEBUG -o CMakeFiles/cmTC_8a4ad.dir/CheckSymbolExists.c.o -c /home/amine/build/bolt-fresh/CMakeFiles/CMakeTmp/CheckSymbolExists.c
/home/amine/build/bolt-fresh/CMakeFiles/CMakeTmp/CheckSymbolExists.c:2:10: fatal error: libproc.h: No such file or directory
    2 | #include <libproc.h>
      |          ^~~~~~~~~~~
compilation terminated.
ninja: build stopped: subcommand failed.


File /home/amine/build/bolt-fresh/CMakeFiles/CMakeTmp/CheckSymbolExists.c:
/* */
#include <libproc.h>

int main(int argc, char** argv)
{
  (void)argv;
#ifndef proc_pid_rusage
  return ((int*)(&proc_pid_rusage))[argc];
#else
  (void)argc;
  return 0;
#endif
}
Performing C SOURCE FILE Test C_SUPPORTS_CXX98_COMPAT_EXTRA_SEMI_FLAG failed with the following output:
Change Dir: /home/amine/build/bolt-fresh/CMakeFiles/CMakeTmp

Run Build Command(s):/usr/bin/ninja cmTC_8a4c3 && [1/2] Building C object CMakeFiles/cmTC_8a4c3.dir/src.c.o
FAILED: CMakeFiles/cmTC_8a4c3.dir/src.c.o 
/usr/bin/cc -DC_SUPPORTS_CXX98_COMPAT_EXTRA_SEMI_FLAG  -fPIC -fno-semantic-interposition -Werror=date-time -fno-lifetime-dse -Wall -Wextra -Wno-unused-parameter -Wwrite-strings -Wcast-qual -Wno-missing-field-initializers -pedantic -Wno-long-long  -O3 -DNDEBUG   -Werror -Wc++98-compat-extra-semi -o CMakeFiles/cmTC_8a4c3.dir/src.c.o -c /home/amine/build/bolt-fresh/CMakeFiles/CMakeTmp/src.c
cc: error: unrecognized command-line option '-Wc++98-compat-extra-semi'
ninja: build stopped: subcommand failed.


Source file was:
int main(void) { return 0; }
Performing C++ SOURCE FILE Test CXX_SUPPORTS_CXX98_COMPAT_EXTRA_SEMI_FLAG failed with the following output:
Change Dir: /home/amine/build/bolt-fresh/CMakeFiles/CMakeTmp

Run Build Command(s):/usr/bin/ninja cmTC_54678 && [1/2] Building CXX object CMakeFiles/cmTC_54678.dir/src.cxx.o
FAILED: CMakeFiles/cmTC_54678.dir/src.cxx.o 
/usr/bin/c++ -DCXX_SUPPORTS_CXX98_COMPAT_EXTRA_SEMI_FLAG  -fPIC -fno-semantic-interposition -fvisibility-inlines-hidden -Werror=date-time -fno-lifetime-dse -Wall -Wextra -Wno-unused-parameter -Wwrite-strings -Wcast-qual -Wno-missing-field-initializers -pedantic -Wno-long-long  -O3 -DNDEBUG   -Werror -Wc++98-compat-extra-semi -std=c++17 -o CMakeFiles/cmTC_54678.dir/src.cxx.o -c /home/amine/build/bolt-fresh/CMakeFiles/CMakeTmp/src.cxx
c++: error: unrecognized command-line option '-Wc++98-compat-extra-semi'
ninja: build stopped: subcommand failed.


Source file was:
int main() { return 0; }
Performing C SOURCE FILE Test C_WCOMMENT_ALLOWS_LINE_WRAP failed with the following output:
Change Dir: /home/amine/build/bolt-fresh/CMakeFiles/CMakeTmp

Run Build Command(s):/usr/bin/ninja cmTC_e68e1 && [1/2] Building C object CMakeFiles/cmTC_e68e1.dir/src.c.o
FAILED: CMakeFiles/cmTC_e68e1.dir/src.c.o 
/usr/bin/cc -DC_WCOMMENT_ALLOWS_LINE_WRAP -D_GNU_SOURCE  -fPIC -fno-semantic-interposition -Werror=date-time -fno-lifetime-dse -Wall -Wextra -Wno-unused-parameter -Wwrite-strings -Wcast-qual -Wno-missing-field-initializers -pedantic -Wno-long-long -Wimplicit-fallthrough  -Werror -Wcomment -O3 -DNDEBUG -o CMakeFiles/cmTC_e68e1.dir/src.c.o -c /home/amine/build/bolt-fresh/CMakeFiles/CMakeTmp/src.c
/home/amine/build/bolt-fresh/CMakeFiles/CMakeTmp/src.c:1:1: error: multi-line comment [-Werror=comment]
    1 | // \
      | ^
cc1: all warnings being treated as errors
ninja: build stopped: subcommand failed.


Source file was:
// \
//
int main(void) {return 0;}
Performing C SOURCE FILE Test C_SUPPORTS_CTAD_MAYBE_UNSPPORTED_FLAG failed with the following output:
Change Dir: /home/amine/build/bolt-fresh/CMakeFiles/CMakeTmp

Run Build Command(s):/usr/bin/ninja cmTC_10338 && [1/2] Building C object CMakeFiles/cmTC_10338.dir/src.c.o
FAILED: CMakeFiles/cmTC_10338.dir/src.c.o 
/usr/bin/cc -DC_SUPPORTS_CTAD_MAYBE_UNSPPORTED_FLAG  -fPIC -fno-semantic-interposition -Werror=date-time -fno-lifetime-dse -Wall -Wextra -Wno-unused-parameter -Wwrite-strings -Wcast-qual -Wno-missing-field-initializers -pedantic -Wno-long-long -Wimplicit-fallthrough -Wno-comment  -O3 -DNDEBUG   -Werror -Wctad-maybe-unsupported -o CMakeFiles/cmTC_10338.dir/src.c.o -c /home/amine/build/bolt-fresh/CMakeFiles/CMakeTmp/src.c
cc1: error: command-line option '-Wctad-maybe-unsupported' is valid for C++/ObjC++ but not for C [-Werror]
cc1: all warnings being treated as errors
ninja: build stopped: subcommand failed.


Source file was:
int main(void) { return 0; }
Performing C++ SOURCE FILE Test LINKER_SUPPORTS_COLOR_DIAGNOSTICS failed with the following output:
Change Dir: /home/amine/build/bolt-fresh/CMakeFiles/CMakeTmp

Run Build Command(s):/usr/bin/ninja cmTC_f1275 && [1/2] Building CXX object CMakeFiles/cmTC_f1275.dir/src.cxx.o
[2/2] Linking CXX executable cmTC_f1275
FAILED: cmTC_f1275 
: && /usr/bin/c++ -fPIC -fno-semantic-interposition -fvisibility-inlines-hidden -Werror=date-time -fno-lifetime-dse -Wall -Wextra -Wno-unused-parameter -Wwrite-strings -Wcast-qual -Wno-missing-field-initializers -pedantic -Wno-long-long -Wimplicit-fallthrough -Wno-uninitialized -Wno-nonnull -Wno-class-memaccess -Wno-redundant-move -Wno-pessimizing-move -Wno-noexcept-type -Wdelete-non-virtual-dtor -Wsuggest-override -Wno-comment -Wno-misleading-indentation -Wctad-maybe-unsupported -fdiagnostics-color  -O3 -DNDEBUG -Wl,--color-diagnostics CMakeFiles/cmTC_f1275.dir/src.cxx.o -o cmTC_f1275  -lm && :
/usr/bin/ld: unrecognized option '--color-diagnostics'
/usr/bin/ld: use the --help option for usage information
collect2: error: ld returned 1 exit status
ninja: build stopped: subcommand failed.


Source file was:
int main() { return 0; }
Determining if the os_signpost_interval_begin exist failed with the following output:
Change Dir: /home/amine/build/bolt-fresh/CMakeFiles/CMakeTmp

Run Build Command(s):/usr/bin/ninja cmTC_8f0fc && [1/2] Building C object CMakeFiles/cmTC_8f0fc.dir/CheckSymbolExists.c.o
FAILED: CMakeFiles/cmTC_8f0fc.dir/CheckSymbolExists.c.o 
/usr/bin/cc -D_GNU_SOURCE  -fPIC -fno-semantic-interposition -fno-lifetime-dse -Wall -Wextra -Wno-unused-parameter -Wwrite-strings -Wcast-qual -Wno-missing-field-initializers -pedantic -Wno-long-long -Wimplicit-fallthrough -Wno-comment -fdiagnostics-color -ffunction-sections -fdata-sections  -O3 -DNDEBUG -o CMakeFiles/cmTC_8f0fc.dir/CheckSymbolExists.c.o -c /home/amine/build/bolt-fresh/CMakeFiles/CMakeTmp/CheckSymbolExists.c
/home/amine/build/bolt-fresh/CMakeFiles/CMakeTmp/CheckSymbolExists.c:2:10: fatal error: os/signpost.h: No such file or directory
    2 | #include <os/signpost.h>
      |          ^~~~~~~~~~~~~~~
compilation terminated.
ninja: build stopped: subcommand failed.


File /home/amine/build/bolt-fresh/CMakeFiles/CMakeTmp/CheckSymbolExists.c:
/* */
#include <os/signpost.h>

int main(int argc, char** argv)
{
  (void)argv;
#ifndef os_signpost_interval_begin
  return ((int*)(&os_signpost_interval_begin))[argc];
#else
  (void)argc;
  return 0;
#endif
}
Performing C++ SOURCE FILE Test HAS_WERROR_GLOBAL_CTORS failed with the following output:
Change Dir: /home/amine/build/bolt-fresh/CMakeFiles/CMakeTmp

Run Build Command(s):/usr/bin/ninja cmTC_083b2 && [1/2] Building CXX object CMakeFiles/cmTC_083b2.dir/src.cxx.o
FAILED: CMakeFiles/cmTC_083b2.dir/src.cxx.o 
/usr/bin/c++ -DHAS_WERROR_GLOBAL_CTORS  -fPIC -fno-semantic-interposition -fvisibility-inlines-hidden -Werror=date-time -fno-lifetime-dse -Wall -Wextra -Wno-unused-parameter -Wwrite-strings -Wcast-qual -Wno-missing-field-initializers -pedantic -Wno-long-long -Wimplicit-fallthrough -Wno-uninitialized -Wno-nonnull -Wno-class-memaccess -Wno-redundant-move -Wno-pessimizing-move -Wno-noexcept-type -Wdelete-non-virtual-dtor -Wsuggest-override -Wno-comment -Wno-misleading-indentation -Wctad-maybe-unsupported -fdiagnostics-color -ffunction-sections -fdata-sections  -O3 -DNDEBUG   -Werror=global-constructors -std=c++17 -o CMakeFiles/cmTC_083b2.dir/src.cxx.o -c /home/amine/build/bolt-fresh/CMakeFiles/CMakeTmp/src.cxx
cc1plus: error: '-Werror=global-constructors': no option '-Wglobal-constructors'; did you mean '-felide-constructors'?
ninja: build stopped: subcommand failed.


Source file was:
int main() { return 0; }
Performing C++ SOURCE FILE Test HAVE_CXX_FLAG_WSHORTEN_64_TO_32 failed with the following output:
Change Dir: /home/amine/build/bolt-fresh/CMakeFiles/CMakeTmp

Run Build Command(s):/usr/bin/ninja cmTC_54161 && [1/2] Building CXX object CMakeFiles/cmTC_54161.dir/src.cxx.o
FAILED: CMakeFiles/cmTC_54161.dir/src.cxx.o 
/usr/bin/c++ -DHAVE_CXX_FLAG_WSHORTEN_64_TO_32  -fPIC -fno-semantic-interposition -fvisibility-inlines-hidden -Werror=date-time -fno-lifetime-dse -Wall -Wextra -Wno-unused-parameter -Wwrite-strings -Wcast-qual -Wno-missing-field-initializers -pedantic -Wno-long-long -Wimplicit-fallthrough -Wno-uninitialized -Wno-nonnull -Wno-class-memaccess -Wno-redundant-move -Wno-pessimizing-move -Wno-noexcept-type -Wdelete-non-virtual-dtor -Wsuggest-override -Wno-comment -Wno-misleading-indentation -Wctad-maybe-unsupported -fdiagnostics-color -ffunction-sections -fdata-sections  -Wall  -Wextra  -Wshadow  -Wfloat-equal  -Wold-style-cast  -Wsuggest-override  -pedantic  -pedantic-errors  -Wshorten-64-to-32 -O3 -DNDEBUG   -Wshorten-64-to-32 -std=c++11 -o CMakeFiles/cmTC_54161.dir/src.cxx.o -c /home/amine/build/bolt-fresh/CMakeFiles/CMakeTmp/src.cxx
c++: error: unrecognized command-line option '-Wshorten-64-to-32'
c++: error: unrecognized command-line option '-Wshorten-64-to-32'
ninja: build stopped: subcommand failed.


Source file was:
int main() { return 0; }
Performing C++ SOURCE FILE Test HAVE_CXX_FLAG_WD654 failed with the following output:
Change Dir: /home/amine/build/bolt-fresh/CMakeFiles/CMakeTmp

Run Build Command(s):/usr/bin/ninja cmTC_ee96f && [1/2] Building CXX object CMakeFiles/cmTC_ee96f.dir/src.cxx.o
FAILED: CMakeFiles/cmTC_ee96f.dir/src.cxx.o 
/usr/bin/c++ -DHAVE_CXX_FLAG_WD654  -fPIC -fno-semantic-interposition -fvisibility-inlines-hidden -Werror=date-time -fno-lifetime-dse -Wall -Wextra -Wno-unused-parameter -Wwrite-strings -Wcast-qual -Wno-missing-field-initializers -pedantic -Wno-long-long -Wimplicit-fallthrough -Wno-uninitialized -Wno-nonnull -Wno-class-memaccess -Wno-redundant-move -Wno-pessimizing-move -Wno-noexcept-type -Wdelete-non-virtual-dtor -Wsuggest-override -Wno-comment -Wno-misleading-indentation -Wctad-maybe-unsupported -fdiagnostics-color -ffunction-sections -fdata-sections  -Wall  -Wextra  -Wshadow  -Wfloat-equal  -Wold-style-cast  -Wsuggest-override  -pedantic  -pedantic-errors  -fstrict-aliasing  -Wno-deprecated-declarations  -fno-exceptions  -Wstrict-aliasing  -wd654 -O3 -DNDEBUG   -wd654 -std=c++11 -o CMakeFiles/cmTC_ee96f.dir/src.cxx.o -c /home/amine/build/bolt-fresh/CMakeFiles/CMakeTmp/src.cxx
c++: error: unrecognized command-line option '-wd654'
c++: error: unrecognized command-line option '-wd654'
ninja: build stopped: subcommand failed.


Source file was:
int main() { return 0; }
Performing C++ SOURCE FILE Test HAVE_CXX_FLAG_WTHREAD_SAFETY failed with the following output:
Change Dir: /home/amine/build/bolt-fresh/CMakeFiles/CMakeTmp

Run Build Command(s):/usr/bin/ninja cmTC_e8b27 && [1/2] Building CXX object CMakeFiles/cmTC_e8b27.dir/src.cxx.o
FAILED: CMakeFiles/cmTC_e8b27.dir/src.cxx.o 
/usr/bin/c++ -DHAVE_CXX_FLAG_WTHREAD_SAFETY  -fPIC -fno-semantic-interposition -fvisibility-inlines-hidden -Werror=date-time -fno-lifetime-dse -Wall -Wextra -Wno-unused-parameter -Wwrite-strings -Wcast-qual -Wno-missing-field-initializers -pedantic -Wno-long-long -Wimplicit-fallthrough -Wno-uninitialized -Wno-nonnull -Wno-class-memaccess -Wno-redundant-move -Wno-pessimizing-move -Wno-noexcept-type -Wdelete-non-virtual-dtor -Wsuggest-override -Wno-comment -Wno-misleading-indentation -Wctad-maybe-unsupported -fdiagnostics-color -ffunction-sections -fdata-sections  -Wall  -Wextra  -Wshadow  -Wfloat-equal  -Wold-style-cast  -Wsuggest-override  -pedantic  -pedantic-errors  -fstrict-aliasing  -Wno-deprecated-declarations  -fno-exceptions  -Wstrict-aliasing  -Wthread-safety -O3 -DNDEBUG   -Wthread-safety -std=c++11 -o CMakeFiles/cmTC_e8b27.dir/src.cxx.o -c /home/amine/build/bolt-fresh/CMakeFiles/CMakeTmp/src.cxx
c++: error: unrecognized command-line option '-Wthread-safety'
c++: error: unrecognized command-line option '-Wthread-safety'
ninja: build stopped: subcommand failed.


Source file was:
int main() { return 0; }
